2017-04-05 15:55:37 INFO  Log:25 - ********************** -- TEST START -- **************************
2017-04-05 15:55:44 INFO  Log:25 - I am on television page
2017-04-05 15:55:45 INFO  Log:25 - Correct television is displayed
2017-04-05 15:55:45 INFO  Log:25 - ********************** -- TEST END -- **************************
2017-04-05 15:55:46 INFO  Log:25 - ********************** -- TEST START -- **************************
2017-04-05 15:55:53 INFO  Log:25 - I am on television page
2017-04-05 15:55:53 INFO  Log:25 - Correct television is displayed
2017-04-05 15:55:53 INFO  Log:25 - ********************** -- TEST END -- **************************
2017-04-05 15:55:54 INFO  Log:25 - ********************** -- TEST START -- **************************
2017-04-05 15:56:01 INFO  Log:25 - I am on television page
2017-04-05 15:56:02 INFO  Log:25 - Correct television is displayed
2017-04-05 15:56:02 INFO  Log:25 - ********************** -- TEST END -- **************************
2017-04-05 15:56:03 INFO  Log:25 - ********************** -- TEST START -- **************************
2017-04-05 15:56:11 INFO  Log:25 - I am on television page
2017-04-05 15:56:11 INFO  Log:25 - Correct television is displayed
2017-04-05 15:56:11 INFO  Log:25 - ********************** -- TEST END -- **************************
2017-04-05 15:56:12 INFO  Log:25 - ********************** -- TEST START -- **************************
2017-04-05 15:56:19 INFO  Log:25 - I am on television page
2017-04-05 15:56:19 INFO  Log:25 - Correct television is displayed
2017-04-05 15:56:19 INFO  Log:25 - ********************** -- TEST END -- **************************
2017-04-05 15:56:21 INFO  Log:25 - ********************** -- TEST START -- **************************
2017-04-05 15:56:28 INFO  Log:25 - I am on television page
2017-04-05 15:56:28 INFO  Log:25 - Correct television is displayed
2017-04-05 15:56:28 INFO  Log:25 - ********************** -- TEST END -- **************************
2017-04-05 15:56:29 INFO  Log:25 - ********************** -- TEST START -- **************************
2017-04-05 15:56:36 INFO  Log:25 - I am on television page
2017-04-05 15:56:36 INFO  Log:25 - Television type selected
2017-04-05 15:56:36 INFO  Log:25 - Correct television is displayed
2017-04-05 15:56:36 INFO  Log:25 - ********************** -- TEST END -- **************************
2017-04-05 15:56:37 INFO  Log:25 - ********************** -- TEST START -- **************************
2017-04-05 15:56:44 INFO  Log:25 - I am on television page
2017-04-05 15:56:45 INFO  Log:25 - Television type selected
2017-04-05 15:56:45 INFO  Log:25 - Correct television is displayed
2017-04-05 15:56:45 INFO  Log:25 - ********************** -- TEST END -- **************************
2017-04-05 15:56:46 INFO  Log:25 - ********************** -- TEST START -- **************************
2017-04-05 15:56:55 INFO  Log:25 - I am on television page
2017-04-05 15:56:55 INFO  Log:25 - Television type selected
2017-04-05 15:56:55 INFO  Log:25 - Correct television is displayed
2017-04-05 15:56:55 INFO  Log:25 - ********************** -- TEST END -- **************************
2017-04-05 15:56:56 INFO  Log:25 - ********************** -- TEST START -- **************************
2017-04-05 15:57:03 INFO  Log:25 - I am on television page
2017-04-05 15:57:04 INFO  Log:25 - Television type selected
2017-04-05 15:57:04 INFO  Log:25 - Correct television is displayed
2017-04-05 15:57:04 INFO  Log:25 - ********************** -- TEST END -- **************************
2017-04-05 15:57:05 INFO  Log:25 - ********************** -- TEST START -- **************************
2017-04-05 15:57:12 INFO  Log:25 - I am on television page
2017-04-05 15:57:12 INFO  Log:25 - Product is selected from dropdown
2017-04-05 15:57:13 INFO  Log:25 - Television type selected
2017-04-05 15:57:13 INFO  Log:25 - ********************** -- TEST END -- **************************
2017-04-05 15:57:14 INFO  Log:25 - ********************** -- TEST START -- **************************
2017-04-05 15:57:21 INFO  Log:25 - I am on television page
2017-04-05 15:57:21 INFO  Log:25 - Product is selected from dropdown
2017-04-05 15:57:22 INFO  Log:25 - Television type selected
2017-04-05 15:57:22 INFO  Log:25 - ********************** -- TEST END -- **************************
2017-04-05 15:57:23 INFO  Log:25 - ********************** -- TEST START -- **************************
2017-04-05 15:57:30 INFO  Log:25 - I am on television page
2017-04-05 15:57:30 INFO  Log:25 - Product is selected from dropdown
2017-04-05 15:57:30 INFO  Log:25 - Television type selected
2017-04-05 15:57:30 INFO  Log:25 - ********************** -- TEST END -- **************************
2017-04-05 15:57:31 INFO  Log:25 - ********************** -- TEST START -- **************************
2017-04-05 15:57:38 INFO  Log:25 - I am on television page
2017-04-05 15:57:38 INFO  Log:25 - Product is selected from dropdown
2017-04-05 15:57:38 INFO  Log:25 - Television type selected
2017-04-05 15:57:38 INFO  Log:25 - ********************** -- TEST END -- **************************
2017-04-05 15:57:40 INFO  Log:25 - ********************** -- TEST START -- **************************
2017-04-05 15:57:46 INFO  Log:25 - I am on television page
2017-04-05 15:57:49 INFO  Log:25 - Products are added to compare
2017-04-05 15:57:49 INFO  Log:25 - Product compare model displayed
2017-04-05 15:57:49 INFO  Log:25 - ********************** -- TEST END -- **************************
